       #NI      #im       #nc       #ic                                                      #SMILES
        1   000001        15        15                                                            C
        1   000002         9        24                                                            N
        1   000003         5        29                                                            O
        2   000004        13        42                                                          C=C
        2   000005        11        53                                                          C=O
        2   000006        12        65                                                           CC
        2   000007        11        76                                                           CN
        2   000008         2        78                                                           CO
        3   000009         9        87                                                       C(=O)N
        3   000010         3        90                                                       C(=O)O
        3   000011         3        93                                                         C=CN
        3   000012         2        95                                                         C=CO
        3   000013         4        99                                                         CC=C
        3   000014        12       111                                                         CC=O
        3   000015         5       116                                                          CCC
        3   000016         8       124                                                          CCN
        3   000017         4       128                                                          CCO
        3   000018         1       129                                                          CNC
        4   000019        10       139                                                      C(C=O)N
        4   000020         2       141                                                       C(CO)N
        4   000021         4       145                                                      C=C.C=C
        4   000022         2       147                                                      C=C.C=O
        4   000023         8       155                                                       C=C.CC
        4   000024         6       161                                                       C=C.CN
        4   000025        15       176                                                       C=CC=C
        4   000026         1       177                                                      C=O.C=O
        4   000027         4       181                                                       C=O.CC
        4   000028        11       192                                                       C=O.CN
        4   000029         2       194                                                       C=O.CO
        4   000030         9       203                                                      CC(=O)N
        4   000031         3       206                                                      CC(=O)O
        4   000032         2       208                                                       CC(C)O
        4   000033         2       210                                                        CC.CC
        4   000034         2       212                                                        CC.CN
        4   000035         3       215                                                        CC.CO
        4   000036         1       216                                                        CC=CN
        4   000037         4       220                                                        CCC=C
        4   000038         9       229                                                        CCC=O
        4   000039         3       232                                                         CCCN
        4   000040         1       233                                                        CN.CN
        4   000041         1       234                                                        CN.CO
        4   000042        10       244                                                        CNC=O
        4   000043         1       245                                                        CO.CO
        5   000044         2       247                                                   C(=O)N.C=C
        5   000045         9       256                                                   C(=O)N.C=O
        5   000046         2       258                                                    C(=O)N.CC
        5   000047         8       266                                                    C(=O)N.CN
        5   000048         3       269                                                    C(=O)N.CO
        5   000049         1       270                                                   C(=O)O.C=O
        5   000050         4       274                                                    C(=O)O.CC
        5   000051         3       277                                                    C(=O)O.CN
        5   000052         9       286                                                   C(C(=O)N)N
        5   000053         1       287                                                   C(C(=O)O)N
        5   000054         1       288                                                     C(CN)C=O
        5   000055         2       290                                                     C(CO)C=O
        5   000056         1       291                                                      C1CCNC1
        5   000057         2       293                                                     C=C.CC=C
        5   000058         8       301                                                     C=C.CC=O
        5   000059         6       307                                                      C=C.CCC
        5   000060         6       313                                                      C=C.CCN
        5   000061         2       315                                                      C=C.CCO
        5   000062         2       317                                                      C=C.CNC
        5   000063         2       319                                                    C=CC(=C)N
        5   000064         2       321                                                    C=CC(=C)O
        5   000065         2       323                                                      C=CC=CN
        5   000066         2       325                                                      C=CC=CO
        5   000067         4       329                                                       C=CCCN
        5   000068         3       332                                                      C=CO.CC
        5   000069         2       334                                                      C=CO.CN
        5   000070         2       336                                                     C=O.CC=C
        5   000071         2       338                                                     C=O.CC=O
        5   000072         1       339                                                      C=O.CCC
        5   000073         7       346                                                      C=O.CCN
        5   000074         3       349                                                      C=O.CCO
        5   000075         3       352                                                    CC(=C)C=C
        5   000076        10       362                                                     CC(=O)NC
        5   000077         7       369                                                     CC(C=O)N
        5   000078         2       371                                                      CC(CN)O
        5   000079         1       372                                                      CC.CC=C
        5   000080         6       378                                                      CC.CC=O
        5   000081         1       379                                                      CC=C.CN
        5   000082         4       383                                                      CC=CC=C
        5   000083        13       396                                                      CC=O.CN
        5   000084         3       399                                                      CC=O.CO
        5   000085         7       406                                                     CCC(=O)N
        5   000086         2       408                                                     CCC(=O)O
        5   000087         1       409                                                       CCC=CN
        5   000088         5       414                                                       CCCC=O
        5   000089         8       422                                                       CCNC=O
        5   000090         4       426                                                       CCO.CO
        5   000091         1       427                                                     CN(C)C=O
        5   000092         1       428                                                       CNCC=O
        5   000093         1       429                                                   c1cc[nH]c1
        6   000094         6       435                                                C(=O)N.C(=O)N
        6   000095         3       438                                                C(=O)N.C(=O)O
        6   000096         2       440                                                  C(=O)N.CC=C
        6   000097         9       449                                                  C(=O)N.CC=O
        6   000098         3       452                                                   C(=O)N.CCN
        6   000099         2       454                                                   C(=O)N.CCO
        6   000100         1       455                                                C(=O)O.C(=O)O
        6   000101         1       456                                                  C(=O)O.CC=O
        6   000102         1       457                                                   C(=O)O.CCN
        6   000103         2       459                                                  C(C(C=O)N)O
        6   000104         8       467                                                  C(C=O)N.C=C
        6   000105         6       473                                                  C(C=O)N.C=O
        6   000106         1       474                                                   C(C=O)N.CC
        6   000107         1       475                                                   C(C=O)N.CN
        6   000108         9       484                                                   C(C=O)NC=O
        6   000109         1       485                                                   C(CC=O)C=O
        6   000110         1       486                                                    C(CC=O)CN
        6   000111         1       487                                                  C(CN)C(=O)O
        6   000112         1       488                                                    C(CN)C=CN
        6   000113         2       490                                                  C(CO)C(=O)N
        6   000114         1       491                                                   C(CO)N.C=O
        6   000115         1       492                                                    C(CO)N.CO
        6   000116         2       494                                                    C(CO)NC=O
        6   000117         2       496                                                  C=C.C=C.C=O
        6   000118         2       498                                                   C=C.C=C.CC
        6   000119         2       500                                                   C=C.C=C.CN
        6   000120        20       520                                                   C=C.C=CC=C
        6   000121         1       521                                                   C=C.C=O.CC
        6   000122         3       524                                                   C=C.C=O.CN
        6   000123         8       532                                                  C=C.CC(=O)N
        6   000124         6       538                                                    C=C.CCC=C
        6   000125         6       544                                                    C=C.CCC=O
        6   000126         7       551                                                    C=C.CNC=O
        6   000127         6       557                                                   C=CC=C.C=O
        6   000128        16       573                                                    C=CC=C.CC
        6   000129        12       585                                                    C=CC=C.CN
        6   000130         1       586                                                    C=CC=CC=C
        6   000131         4       590                                                     C=CCCC=O
        6   000132         2       592                                                    C=CO.CC=O
        6   000133         1       593                                                     C=CO.CCC
        6   000134         1       594                                                     C=CO.CCN
        6   000135         2       596                                                   C=O.C=O.CN
        6   000136         1       597                                                   C=O.C=O.CO
        6   000137         7       604                                                  C=O.CC(=O)N
        6   000138         1       605                                                  C=O.CC(=O)O
        6   000139         1       606                                                   C=O.CC(C)O
        6   000140         2       608                                                    C=O.CC.CC
        6   000141         1       609                                                    C=O.CC=CN
        6   000142         4       613                                                    C=O.CCC=C
        6   000143         3       616                                                    C=O.CCC=O
        6   000144         1       617                                                     C=O.CCCN
        6   000145         1       618                                                    C=O.CN.CN
        6   000146         1       619                                                    C=O.CN.CO
        6   000147        12       631                                                    C=O.CNC=O
        6   000148         1       632                                                    C=O.CO.CO
        6   000149         1       633                                                  CC(=O)N(C)C
        6   000150         1       634                                                   CC(=O)O.CN
        6   000151         7       641                                                  CC(C(=O)N)N
        6   000152         2       643                                                    CC(CC=O)O
        6   000153         1       644                                                   CC.CC(=O)N
        6   000154         1       645                                                   CC.CC(=O)O
        6   000155         1       646                                                     CC.CCC=C
        6   000156         1       647                                                     CC.CN.CO
        6   000157         2       649                                                     CC.CNC=O
        6   000158         1       650                                                     CC.CO.CO
        6   000159         3       653                                                    CC=C.CC=O
        6   000160         2       655                                                     CC=CC=CO
        6   000161         2       657                                                    CC=O.CC=O
        6   000162         2       659                                                     CC=O.CCN
        6   000163         1       660                                                     CC=O.CCO
        6   000164         3       663                                                   CCC(=C)C=C
        6   000165         8       671                                                    CCC(=O)NC
        6   000166         3       674                                                    CCC(C=O)N
        6   000167         1       675                                                     CCC=C.CN
        6   000168         4       679                                                     CCC=CC=C
        6   000169         2       681                                                     CCC=O.CO
        6   000170         4       685                                                    CCCC(=O)N
        6   000171         1       686                                                    CCCC(=O)O
        6   000172         3       689                                                      CCCNC=O
        6   000173         8       697                                                    CCNC(=O)C
        6   000174         2       699                                                     CN.CNC=O
        6   000175        10       709                                                    CNC(=O)CN
        6   000176         1       710                                                    CNCC(=O)N
        6   000177         1       711                                                  Cc1cc[nH]c1
        6   000178         2       713                                                     c1ccccc1
        7   000179         6       719                                               C(=O)N.C(C=O)N
        7   000180         2       721                                                C(=O)N.C=C.CN
        7   000181         6       727                                                C(=O)N.C=CC=C
        7   000182         2       729                                               C(=O)N.C=O.C=O
        7   000183         5       734                                                C(=O)N.C=O.CN
        7   000184         4       738                                                C(=O)N.C=O.CO
        7   000185         8       746                                               C(=O)N.CC(=O)N
        7   000186         1       747                                               C(=O)N.CC(=O)O
        7   000187         1       748                                                 C(=O)N.CC.CO
        7   000188         4       752                                                 C(=O)N.CCC=C
        7   000189         5       757                                                 C(=O)N.CCC=O
        7   000190         1       758                                                 C(=O)N.CN.CN
        7   000191         1       759                                                 C(=O)N.CN.CO
        7   000192        16       775                                                 C(=O)N.CNC=O
        7   000193         1       776                                                 C(=O)N.CO.CO
        7   000194         1       777                                               C(=O)O.C(C=O)N
        7   000195         1       778                                                C(=O)O.C=O.CN
        7   000196         2       780                                               C(=O)O.CC(=O)N
        7   000197         2       782                                                 C(=O)O.CC.CC
        7   000198         1       783                                                 C(=O)O.CC.CO
        7   000199         1       784                                                  C(=O)O.CCCN
        7   000200         2       786                                                 C(=O)O.CNC=O
        7   000201         7       793                                               C(C(=O)N)N.C=O
        7   000202         8       801                                                C(C(=O)N)NC=O
        7   000203         1       802                                                C(C(=O)O)NC=O
        7   000204         2       804                                               C(C(C(=O)N)N)O
        7   000205         1       805                                                C(C=O)C(C=O)N
        7   000206         2       807                                                 C(C=O)N.CC=O
        7   000207         1       808                                                C(CC(=O)N)C=O
        7   000208         1       809                                                C(CC(=O)O)C=O
        7   000209         1       810                                                 C(CC(=O)O)CN
        7   000210         1       811                                                  C(CC=O)C=CN
        7   000211         1       812                                                  C(CC=O)CC=O
        7   000212         1       813                                                  C(CNC=O)C=O
        7   000213         2       815                                                 C(CO)C=O.C=O
        7   000214         1       816                                                  C(CO)C=O.CO
        7   000215         2       818                                                   C(CO)N.CCO
        7   000216         1       819                                                 C1CC(NC1)C=O
        7   000217         1       820                                                 C1CCN(C1)C=O
        7   000218         4       824                                                 C=C.C=C.CC=O
        7   000219         2       826                                                  C=C.C=C.CCC
        7   000220         2       828                                                  C=C.C=C.CCN
        7   000221         2       830                                                  C=C.C=C.CCO
        7   000222         2       832                                                C=C.C=CC(=C)N
        7   000223         2       834                                                C=C.C=CC(=C)O
        7   000224         2       836                                                  C=C.C=CC=CN
        7   000225         2       838                                                  C=C.C=CC=CO
        7   000226         3       841                                                 C=C.C=O.CC=O
        7   000227         3       844                                                  C=C.C=O.CCN
        7   000228         1       845                                                  C=C.C=O.CCO
        7   000229         6       851                                                C=C.CC(=C)C=C
        7   000230         2       853                                                 C=C.CC(=O)NC
        7   000231         2       855                                                 C=C.CC(C=O)N
        7   000232         1       856                                                  C=C.CC.CC=O
        7   000233         4       860                                                  C=C.CC=CC=C
        7   000234         7       867                                                  C=C.CC=O.CN
        7   000235         2       869                                                 C=C.CCC(=O)N
        7   000236         2       871                                                   C=C.CCCC=O
        7   000237         3       874                                                   C=C.CCNC=O
        7   000238         3       877                                                  C=CC(=C)CCN
        7   000239         1       878                                                C=CC(=C)N.C=O
        7   000240         2       880                                                 C=CC(=C)O.CC
        7   000241         6       886                                                  C=CC=C.CC=C
        7   000242        18       904                                                  C=CC=C.CC=O
        7   000243         4       908                                                   C=CC=C.CCC
        7   000244         4       912                                                   C=CC=C.CCN
        7   000245         4       916                                                    C=CC=CCCN
        7   000246         1       917                                                  C=CC=CN.C=O
        7   000247         1       918                                                   C=CC=CO.CC
        7   000248         4       922                                                  C=CCC(C=O)N
        7   000249         4       926                                                  C=CCCC(=O)N
        7   000250         2       928                                                   C=CCCN.C=O
        7   000251         4       932                                                    C=CCCNC=O
        7   000252         1       933                                                  C=CO.C=O.CN
        7   000253         2       935                                                 C=CO.CC(=O)N
        7   000254         1       936                                                   C=CO.CCC=O
        7   000255         1       937                                                   C=CO.CNC=O
        7   000256         2       939                                                  C=O.C=O.CCN
        7   000257         1       940                                                  C=O.C=O.CCO
        7   000258         1       941                                                C=O.CC(=C)C=C
        7   000259         7       948                                                 C=O.CC(=O)NC
        7   000260         4       952                                                 C=O.CC(C=O)N
        7   000261         1       953                                                   C=O.CC.CCC
        7   000262         2       955                                                  C=O.CC=CC=C
        7   000263         3       958                                                  C=O.CC=O.CN
        7   000264         1       959                                                  C=O.CC=O.CO
        7   000265         2       961                                                 C=O.CCC(=O)N
        7   000266         1       962                                                   C=O.CCC=CN
        7   000267         1       963                                                   C=O.CCCC=O
        7   000268         2       965                                                   C=O.CCN.CN
        7   000269         1       966                                                   C=O.CCN.CO
        7   000270        10       976                                                   C=O.CCNC=O
        7   000271         1       977                                                   C=O.CCO.CN
        7   000272         3       980                                                   C=O.CCO.CO
        7   000273         1       981                                                 C=O.CN(C)C=O
        7   000274         1       982                                                 CC(=C)C=CC=C
        7   000275         1       983                                                 CC(=O)N.CC=C
        7   000276         6       989                                                 CC(=O)N.CC=O
        7   000277         9       998                                                  CC(=O)NCC=O
        7   000278         2      1000                                                   CC(=O)NCCO
        7   000279         1      1001                                                  CC(=O)O.CCN
        7   000280         8      1009                                                 CC(C(=O)NC)N
        7   000281         2      1011                                                 CC(C(C=O)N)O
        7   000282         7      1018                                                  CC(C=O)NC=O
        7   000283         2      1020                                                 CC(CC(=O)N)O
        7   000284         1      1021                                                   CC(CN)O.CO
        7   000285         2      1023                                                   CC(CNC=O)O
        7   000286         1      1024                                                 CC.CC(=C)C=C
        7   000287         1      1025                                                  CC.CC(=O)NC
        7   000288         1      1026                                                   CC.CC.CC=O
        7   000289         1      1027                                                   CC.CC=CC=C
        7   000290         1      1028                                                   CC.CC=O.CO
        7   000291         1      1029                                                    CC.CCNC=O
        7   000292         2      1031                                                    CC.CCO.CO
        7   000293         1      1032                                                   CC=C.CNC=O
        7   000294         3      1035                                                   CC=O.CCC=C
        7   000295         1      1036                                                   CC=O.CCC=O
        7   000296         1      1037                                                   CC=O.CN.CN
        7   000297         2      1039                                                   CC=O.CN.CO
        7   000298         7      1046                                                   CC=O.CNC=O
        7   000299         2      1048                                                   CC=O.CO.CO
        7   000300         1      1049                                                 CCC(=O)N(C)C
        7   000301         6      1055                                                   CCC(=O)NCC
        7   000302         3      1058                                                 CCC(C(=O)N)N
        7   000303         2      1060                                                    CCC=CC=CO
        7   000304         1      1061                                                    CCC=O.CCO
        7   000305         4      1065                                                   CCCC(=O)NC
        7   000306         3      1068                                                   CCCNC(=O)C
        7   000307         2      1070                                                    CCN.CNC=O
        7   000308         8      1078                                                   CCNC(=O)CN
        7   000309         1      1079                                                 CCc1cc[nH]c1
        7   000310         1      1080                                                 CN(C)C(=O)CN
        7   000311         1      1081                                                  CN(CC=O)C=O
        7   000312         2      1083                                                   CNC(=O)CCO
        7   000313         1      1084                                                   CNCC(=O)NC
        7   000314         1      1085                                                    Cc1ccccc1
        7   000315         1      1086                                                  c1ccc(cc1)N
        7   000316         1      1087                                                  c1ccc(cc1)O
