       #NI      #im       #nc       #ic                                                      #SMILES
        1   000001        37        37                                                            C
        1   000002        12        49                                                            N
        1   000003         1        50                                                            O
        1   000004         1        51                                                            S
        2   000005        19        70                                                          C=C
        2   000006         6        76                                                          C=N
        2   000007        56       132                                                          C=O
        2   000008       179       311                                                           CC
        2   000009        89       400                                                           CN
        2   000010        10       410                                                           CO
        2   000011         2       412                                                           CS
        3   000012         9       421                                                       C(=N)N
        3   000013        83       504                                                       C(=O)N
        3   000014        12       516                                                       C(=O)O
        3   000015         1       517                                                         C=CN
        3   000016         2       519                                                         C=CO
        3   000017         7       526                                                         CC=C
        3   000018        95       621                                                         CC=O
        3   000019       131       752                                                          CCC
        3   000020        84       836                                                          CCN
        3   000021        17       853                                                          CCO
        3   000022         1       854                                                          CCS
        3   000023         3       857                                                          CNC
        3   000024         1       858                                                          CSC
        4   000025         4       862                                                    C(=N)(N)N
        4   000026        76       938                                                      C(C=O)N
        4   000027        10       948                                                       C(CO)N
        4   000028        11       959                                                      C=C.C=O
        4   000029        23       982                                                       C=C.CC
        4   000030         2       984                                                       C=C.CN
        4   000031         2       986                                                       C=C.CO
        4   000032        18      1004                                                       C=CC=C
        4   000033         3      1007                                                      C=N.C=O
        4   000034         5      1012                                                       C=N.CC
        4   000035         1      1013                                                       C=N.CN
        4   000036         8      1021                                                      C=O.C=O
        4   000037       139      1160                                                       C=O.CC
        4   000038        76      1236                                                       C=O.CN
        4   000039         7      1243                                                       C=O.CO
        4   000040         2      1245                                                       C=O.CS
        4   000041         1      1246                                                      CC(=C)N
        4   000042        83      1329                                                      CC(=O)N
        4   000043        12      1341                                                      CC(=O)O
        4   000044        20      1361                                                       CC(C)C
        4   000045         7      1368                                                       CC(C)O
        4   000046       154      1522                                                        CC.CC
        4   000047        39      1561                                                        CC.CN
        4   000048        14      1575                                                        CC.CO
        4   000049         4      1579                                                        CC.CS
        4   000050         7      1586                                                        CCC=C
        4   000051        89      1675                                                        CCC=O
        4   000052        50      1725                                                         CCCC
        4   000053        73      1798                                                         CCCN
        4   000054         1      1799                                                         CCCS
        4   000055         1      1800                                                         CCSC
        4   000056         6      1806                                                        CN.CN
        4   000057         7      1813                                                        CN.CO
        4   000058         4      1817                                                        CNC=N
        4   000059        78      1895                                                        CNC=O
        4   000060         2      1897                                                        CO.CO
        5   000061         6      1903                                                   C(=N)N.C=O
        5   000062         8      1911                                                    C(=N)N.CC
        5   000063         1      1912                                                    C(=N)N.CN
        5   000064        11      1923                                                   C(=O)N.C=C
        5   000065         3      1926                                                   C(=O)N.C=N
        5   000066        58      1984                                                   C(=O)N.C=O
        5   000067       139      2123                                                    C(=O)N.CC
        5   000068        74      2197                                                    C(=O)N.CN
        5   000069        13      2210                                                    C(=O)N.CO
        5   000070         2      2212                                                    C(=O)N.CS
        5   000071        17      2229                                                    C(=O)O.CC
        5   000072         8      2237                                                    C(=O)O.CN
        5   000073         1      2238                                                    C(=O)O.CO
        5   000074        75      2313                                                   C(C(=O)N)N
        5   000075         1      2314                                                   C(C(=O)O)N
        5   000076         7      2321                                                     C(CN)C=O
        5   000077         1      2322                                                      C(CN)CS
        5   000078        10      2332                                                     C(CO)C=O
        5   000079         3      2335                                                      C1CCNC1
        5   000080        14      2349                                                     C=C.CC=O
        5   000081        22      2371                                                      C=C.CCC
        5   000082         9      2380                                                      C=C.CCN
        5   000083         5      2385                                                      C=C.CCO
        5   000084         2      2387                                                    C=CC(=C)O
        5   000085         2      2389                                                      C=CC=CO
        5   000086         7      2396                                                       C=CCCN
        5   000087         1      2397                                                     C=CN.C=O
        5   000088         9      2406                                                      C=CO.CC
        5   000089         4      2410                                                      C=CO.CN
        5   000090         4      2414                                                     C=N.CC=O
        5   000091         6      2420                                                      C=N.CCC
        5   000092         2      2422                                                      C=N.CCN
        5   000093         7      2429                                                     C=O.CC=C
        5   000094        26      2455                                                     C=O.CC=O
        5   000095       132      2587                                                      C=O.CCC
        5   000096        85      2672                                                      C=O.CCN
        5   000097        20      2692                                                      C=O.CCO
        5   000098         1      2693                                                      C=O.CCS
        5   000099         2      2695                                                      C=O.CNC
        5   000100         2      2697                                                      C=O.CSC
        5   000101         6      2703                                                    CC(=C)C=C
        5   000102        78      2781                                                     CC(=O)NC
        5   000103        11      2792                                                      CC(C)CN
        5   000104        70      2862                                                     CC(C=O)N
        5   000105         7      2869                                                      CC(CN)O
        5   000106        21      2890                                                      CC.CC=C
        5   000107       169      3059                                                      CC.CC=O
        5   000108        29      3088                                                       CC.CCC
        5   000109         3      3091                                                       CC.CCN
        5   000110         2      3093                                                       CC.CCO
        5   000111         2      3095                                                       CC.CSC
        5   000112         2      3097                                                      CC=C.CN
        5   000113         2      3099                                                      CC=C.CO
        5   000114         6      3105                                                      CC=CC=C
        5   000115        87      3192                                                      CC=O.CN
        5   000116         9      3201                                                      CC=O.CO
        5   000117         2      3203                                                      CC=O.CS
        5   000118         1      3204                                                     CCC(=C)N
        5   000119        78      3282                                                     CCC(=O)N
        5   000120        11      3293                                                     CCC(=O)O
        5   000121        16      3309                                                      CCC(C)C
        5   000122         1      3310                                                       CCC.CO
        5   000123        77      3387                                                       CCCC=O
        5   000124         7      3394                                                        CCCCC
        5   000125        47      3441                                                        CCCCN
        5   000126         1      3442                                                        CCCSC
        5   000127         2      3444                                                       CCN.CO
        5   000128         4      3448                                                       CCNC=N
        5   000129        72      3520                                                       CCNC=O
        5   000130         1      3521                                                       CCO.CN
        5   000131         3      3524                                                     CN(C)C=O
        5   000132         4      3528                                                     CNC(=N)N
        5   000133         3      3531                                                       CNCC=O
        5   000134         1      3532                                                   c1cnc[nH]1
        6   000135         4      3536                                                C(=N)(N)N.C=O
        6   000136         7      3543                                                C(=N)N.C(=O)N
        6   000137         7      3550                                                  C(=N)N.CC=O
        6   000138        49      3599                                                C(=O)N.C(=O)N
        6   000139         2      3601                                                C(=O)N.C(=O)O
        6   000140         1      3602                                                  C(=O)N.C=CN
        6   000141         2      3604                                                  C(=O)N.C=CO
        6   000142         7      3611                                                  C(=O)N.CC=C
        6   000143        67      3678                                                  C(=O)N.CC=O
        6   000144        52      3730                                                   C(=O)N.CCC
        6   000145        51      3781                                                   C(=O)N.CCN
        6   000146        18      3799                                                   C(=O)N.CCO
        6   000147         1      3800                                                   C(=O)N.CCS
        6   000148         1      3801                                                   C(=O)N.CNC
        6   000149         2      3803                                                   C(=O)N.CSC
        6   000150         2      3805                                                  C(=O)O.CC=O
        6   000151         4      3809                                                   C(=O)O.CCC
        6   000152         3      3812                                                   C(=O)O.CCN
        6   000153        10      3822                                                  C(C(C=O)N)O
        6   000154        12      3834                                                  C(C=O)N.C=C
        6   000155         4      3838                                                  C(C=O)N.C=N
        6   000156        48      3886                                                  C(C=O)N.C=O
        6   000157        13      3899                                                   C(C=O)N.CC
        6   000158         2      3901                                                   C(C=O)N.CN
        6   000159         2      3903                                                   C(C=O)N.CO
        6   000160        75      3978                                                   C(C=O)NC=O
        6   000161         7      3985                                                   C(CC=O)C=O
        6   000162        12      3997                                                    C(CC=O)CN
        6   000163         1      3998                                                    C(CC=O)CS
        6   000164         4      4002                                                     C(CCN)CN
        6   000165         2      4004                                                  C(CN)C(=O)N
        6   000166         5      4009                                                  C(CN)C(=O)O
        6   000167        10      4019                                                  C(CO)C(=O)N
        6   000168         5      4024                                                   C(CO)N.C=O
        6   000169        10      4034                                                    C(CO)NC=O
        6   000170         1      4035                                                    C=C(CCN)N
        6   000171        23      4058                                                   C=C.C=O.CC
        6   000172         7      4065                                                   C=C.C=O.CN
        6   000173         1      4066                                                   C=C.C=O.CO
        6   000174        12      4078                                                  C=C.CC(=O)N
        6   000175         2      4080                                                  C=C.CC(=O)O
        6   000176         1      4081                                                   C=C.CC(C)O
        6   000177        13      4094                                                    C=C.CC.CC
        6   000178         1      4095                                                    C=C.CC.CN
        6   000179         3      4098                                                    C=C.CC.CO
        6   000180        19      4117                                                    C=C.CCC=O
        6   000181         3      4120                                                     C=C.CCCN
        6   000182        13      4133                                                    C=C.CNC=O
        6   000183        20      4153                                                   C=CC=C.C=O
        6   000184        49      4202                                                    C=CC=C.CC
        6   000185         4      4206                                                    C=CC=C.CN
        6   000186         4      4210                                                    C=CC=C.CO
        6   000187         7      4217                                                     C=CCCC=O
        6   000188         1      4218                                                    C=CN.CC=O
        6   000189         2      4220                                                     C=CO.CCC
        6   000190         2      4222                                                     C=CO.CCN
        6   000191         2      4224                                                   C=N.C=O.CC
        6   000192         3      4227                                                   C=N.C=O.CN
        6   000193         4      4231                                                  C=N.CC(=O)N
        6   000194         3      4234                                                    C=N.CCC=O
        6   000195         3      4237                                                    C=N.CNC=O
        6   000196        25      4262                                                   C=O.C=O.CC
        6   000197         3      4265                                                   C=O.C=O.CN
        6   000198         1      4266                                                   C=O.C=O.CO
        6   000199         1      4267                                                  C=O.CC(=C)N
        6   000200        59      4326                                                  C=O.CC(=O)N
        6   000201         5      4331                                                  C=O.CC(=O)O
        6   000202         3      4334                                                   C=O.CC(C)C
        6   000203         4      4338                                                   C=O.CC(C)O
        6   000204       119      4457                                                    C=O.CC.CC
        6   000205        46      4503                                                    C=O.CC.CN
        6   000206        11      4514                                                    C=O.CC.CO
        6   000207         8      4522                                                    C=O.CCC=C
        6   000208        38      4560                                                    C=O.CCC=O
        6   000209        11      4571                                                     C=O.CCCC
        6   000210        45      4616                                                     C=O.CCCN
        6   000211         2      4618                                                    C=O.CN.CN
        6   000212         7      4625                                                    C=O.CN.CO
        6   000213         5      4630                                                    C=O.CNC=N
        6   000214        76      4706                                                    C=O.CNC=O
        6   000215         3      4709                                                    C=O.CO.CO
        6   000216         3      4712                                                  CC(=O)N(C)C
        6   000217         1      4713                                                   CC(=O)N.CN
        6   000218         2      4715                                                   CC(=O)O.CN
        6   000219        70      4785                                                  CC(C(=O)N)N
        6   000220        11      4796                                                    CC(C)CC=O
        6   000221         9      4805                                                     CC(C)CCN
        6   000222         7      4812                                                    CC(CC=O)O
        6   000223        19      4831                                                   CC.CC(=O)N
        6   000224         3      4834                                                   CC.CC(=O)O
        6   000225         1      4835                                                    CC.CC(C)C
        6   000226       103      4938                                                     CC.CC.CC
        6   000227        30      4968                                                     CC.CC.CN
        6   000228         2      4970                                                     CC.CC.CO
        6   000229         6      4976                                                     CC.CC.CS
        6   000230         1      4977                                                     CC.CCC=C
        6   000231        36      5013                                                     CC.CCC=O
        6   000232         5      5018                                                      CC.CCCC
        6   000233         2      5020                                                      CC.CCCN
        6   000234         1      5021                                                     CC.CN.CN
        6   000235         2      5023                                                     CC.CN.CO
        6   000236        25      5048                                                     CC.CNC=O
        6   000237         3      5051                                                     CC.CO.CO
        6   000238         9      5060                                                    CC=C.CC=O
        6   000239         4      5064                                                     CC=C.CCC
        6   000240         2      5066                                                     CC=C.CCO
        6   000241         2      5068                                                     CC=CC=CO
        6   000242        25      5093                                                    CC=O.CC=O
        6   000243        32      5125                                                     CC=O.CCC
        6   000244        28      5153                                                     CC=O.CCN
        6   000245         3      5156                                                     CC=O.CCO
        6   000246         6      5162                                                   CCC(=C)C=C
        6   000247        73      5235                                                    CCC(=O)NC
        6   000248         7      5242                                                     CCC(C)CN
        6   000249        62      5304                                                    CCC(C=O)N
        6   000250         5      5309                                                      CCC.CCC
        6   000251         1      5310                                                      CCC.CCO
        6   000252         6      5316                                                     CCC=CC=C
        6   000253         4      5320                                                     CCC=O.CN
        6   000254         2      5322                                                     CCC=O.CO
        6   000255        71      5393                                                    CCCC(=O)N
        6   000256         6      5399                                                    CCCC(=O)O
        6   000257        36      5435                                                      CCCCC=O
        6   000258        14      5449                                                       CCCCCN
        6   000259         4      5453                                                      CCCNC=N
        6   000260        61      5514                                                      CCCNC=O
        6   000261         4      5518                                                    CCNC(=N)N
        6   000262        72      5590                                                    CCNC(=O)C
        6   000263         1      5591                                                     CN.CN.CO
        6   000264        11      5602                                                     CN.CNC=O
        6   000265         1      5603                                                     CN.CO.CO
        6   000266        78      5681                                                    CNC(=O)CN
        6   000267         3      5684                                                    CNCC(=O)N
        6   000268         1      5685                                                       CSCCCN
        6   000269         1      5686                                                  Cc1cnc[nH]1
        6   000270         3      5689                                                     c1ccccc1
        7   000271         1      5690                                             C(=N)(N)N.C(=O)N
        7   000272         1      5691                                               C(=N)N.C=O.C=O
        7   000273         4      5695                                                C(=N)N.C=O.CC
        7   000274         3      5698                                                C(=N)N.C=O.CN
        7   000275         1      5699                                               C(=N)N.CC(=O)N
        7   000276         1      5700                                                 C(=N)N.CNC=O
        7   000277        54      5754                                               C(=O)N.C(C=O)N
        7   000278         1      5755                                                C(=O)N.C(CO)N
        7   000279         2      5757                                               C(=O)N.C=C.C=O
        7   000280        19      5776                                                C(=O)N.C=C.CC
        7   000281         7      5783                                                C(=O)N.C=C.CN
        7   000282         3      5786                                                C(=O)N.C=C.CO
        7   000283        20      5806                                                C(=O)N.C=CC=C
        7   000284         2      5808                                                C(=O)N.C=N.CC
        7   000285         2      5810                                                C(=O)N.C=N.CN
        7   000286         6      5816                                               C(=O)N.C=O.C=O
        7   000287        79      5895                                                C(=O)N.C=O.CC
        7   000288        13      5908                                                C(=O)N.C=O.CN
        7   000289        10      5918                                                C(=O)N.C=O.CO
        7   000290         1      5919                                               C(=O)N.CC(=C)N
        7   000291        88      6007                                               C(=O)N.CC(=O)N
        7   000292         2      6009                                               C(=O)N.CC(=O)O
        7   000293         4      6013                                                C(=O)N.CC(C)C
        7   000294       122      6135                                                 C(=O)N.CC.CC
        7   000295        48      6183                                                 C(=O)N.CC.CN
        7   000296        12      6195                                                 C(=O)N.CC.CO
        7   000297         4      6199                                                 C(=O)N.CCC=C
        7   000298        49      6248                                                 C(=O)N.CCC=O
        7   000299         6      6254                                                  C(=O)N.CCCC
        7   000300        17      6271                                                  C(=O)N.CCCN
        7   000301         1      6272                                                 C(=O)N.CN.CN
        7   000302         8      6280                                                 C(=O)N.CN.CO
        7   000303         1      6281                                                 C(=O)N.CNC=N
        7   000304       112      6393                                                 C(=O)N.CNC=O
        7   000305         3      6396                                                 C(=O)N.CO.CO
        7   000306         1      6397                                               C(=O)O.C(C=O)N
        7   000307         4      6401                                                C(=O)O.C=C.CC
        7   000308         1      6402                                                C(=O)O.C=N.CN
        7   000309         4      6406                                                C(=O)O.C=O.CC
        7   000310         2      6408                                               C(=O)O.CC(=O)N
        7   000311         7      6415                                                 C(=O)O.CC.CC
        7   000312         2      6417                                                 C(=O)O.CC.CN
        7   000313         1      6418                                                 C(=O)O.CC.CO
        7   000314         2      6420                                                 C(=O)O.CCC=O
        7   000315         2      6422                                                  C(=O)O.CCCC
        7   000316         2      6424                                                  C(=O)O.CCCN
        7   000317         1      6425                                                 C(=O)O.CN.CN
        7   000318         1      6426                                                 C(=O)O.CN.CO
        7   000319         3      6429                                                 C(=O)O.CNC=O
        7   000320         1      6430                                                 C(=O)O.CO.CO
        7   000321         1      6431                                               C(C(=O)N)N.C=C
        7   000322         1      6432                                               C(C(=O)N)N.C=N
        7   000323        44      6476                                               C(C(=O)N)N.C=O
        7   000324         1      6477                                                C(C(=O)N)N.CC
        7   000325        74      6551                                                C(C(=O)N)NC=O
        7   000326         1      6552                                                C(C(=O)O)NC=O
        7   000327        10      6562                                               C(C(C(=O)N)N)O
        7   000328         7      6569                                                C(C=O)C(C=O)N
        7   000329         1      6570                                                 C(C=O)N.CC=C
        7   000330         8      6578                                                 C(C=O)N.CC=O
        7   000331         2      6580                                                  C(C=O)N.CCC
        7   000332         3      6583                                                  C(C=O)N.CCN
        7   000333         1      6584                                                  C(C=O)N.CCO
        7   000334         9      6593                                                C(CC(=O)N)C=O
        7   000335         6      6599                                                 C(CC(=O)N)CN
        7   000336         1      6600                                                 C(CC(=O)N)CS
        7   000337         5      6605                                                C(CC(=O)O)C=O
        7   000338         6      6611                                                 C(CC(=O)O)CN
        7   000339        12      6623                                                  C(CC=O)CC=O
        7   000340         4      6627                                                   C(CCN)CC=O
        7   000341         7      6634                                                    C(CCN)CCN
        7   000342         3      6637                                                 C(CN)C=O.C=O
        7   000343         1      6638                                                  C(CN)C=O.CC
        7   000344         7      6645                                                  C(CNC=O)C=O
        7   000345         4      6649                                                 C(CO)C=O.C=O
        7   000346         1      6650                                                   C(CO)N.CCC
        7   000347         1      6651                                                 C(CS)C(C=O)N
        7   000348         3      6654                                                 C1CC(NC1)C=O
        7   000349         3      6657                                                 C1CCN(C1)C=O
        7   000350         1      6658                                                  C=C(CCC=O)N
        7   000351         2      6660                                                 C=C.C=O.CC=O
        7   000352        27      6687                                                  C=C.C=O.CCC
        7   000353        13      6700                                                  C=C.C=O.CCN
        7   000354         1      6701                                                 C=C.CC(=O)NC
        7   000355         2      6703                                                 C=C.CC(C=O)N
        7   000356         5      6708                                                  C=C.CC.CC=C
        7   000357        21      6729                                                  C=C.CC.CC=O
        7   000358         3      6732                                                   C=C.CC.CCC
        7   000359         1      6733                                                   C=C.CC.CCN
        7   000360         1      6734                                                   C=C.CC.CCO
        7   000361         7      6741                                                  C=C.CC=O.CN
        7   000362         2      6743                                                 C=C.CCC(=O)N
        7   000363         2      6745                                                 C=C.CCC(=O)O
        7   000364         2      6747                                                   C=C.CCC.CO
        7   000365         5      6752                                                   C=C.CCCC=O
        7   000366         2      6754                                                   C=C.CCNC=O
        7   000367         6      6760                                                  C=CC(=C)CCN
        7   000368         1      6761                                                C=CC(=C)O.C=O
        7   000369         2      6763                                                 C=CC(=C)O.CC
        7   000370        25      6788                                                  C=CC=C.CC=O
        7   000371        29      6817                                                   C=CC=C.CCC
        7   000372        12      6829                                                   C=CC=C.CCN
        7   000373         3      6832                                                   C=CC=C.CCO
        7   000374         6      6838                                                    C=CC=CCCN
        7   000375         1      6839                                                  C=CC=CO.C=O
        7   000376         1      6840                                                   C=CC=CO.CC
        7   000377         7      6847                                                  C=CCC(C=O)N
        7   000378         7      6854                                                  C=CCCC(=O)N
        7   000379         8      6862                                                   C=CCCN.C=O
        7   000380         7      6869                                                    C=CCCNC=O
        7   000381         1      6870                                                  C=CN.C=O.CC
        7   000382         1      6871                                                  C=CN.C=O.CN
        7   000383         6      6877                                                  C=CO.C=O.CC
        7   000384         2      6879                                                 C=CO.CC(=O)N
        7   000385        12      6891                                                   C=CO.CC.CC
        7   000386         5      6896                                                   C=CO.CC.CN
        7   000387         1      6897                                                 C=N.C=O.CC=O
        7   000388         2      6899                                                  C=N.C=O.CCC
        7   000389         2      6901                                                  C=N.C=O.CCN
        7   000390         1      6902                                                 C=N.CC(=O)NC
        7   000391         3      6905                                                  C=N.CC.CC=O
        7   000392         3      6908                                                  C=N.CC=O.CN
        7   000393         2      6910                                                   C=N.CCNC=O
        7   000394         2      6912                                                 C=O.C=O.CC=O
        7   000395        28      6940                                                  C=O.C=O.CCC
        7   000396         7      6947                                                  C=O.C=O.CCN
        7   000397         5      6952                                                  C=O.C=O.CCO
        7   000398        11      6963                                                C=O.CC(=C)C=C
        7   000399        67      7030                                                 C=O.CC(=O)NC
        7   000400         1      7031                                                  C=O.CC(C)CN
        7   000401        27      7058                                                 C=O.CC(C=O)N
        7   000402         1      7059                                                  C=O.CC(CN)O
        7   000403        21      7080                                                  C=O.CC.CC=C
        7   000404        64      7144                                                  C=O.CC.CC=O
        7   000405       103      7247                                                   C=O.CC.CCC
        7   000406        44      7291                                                   C=O.CC.CCN
        7   000407        16      7307                                                   C=O.CC.CCO
        7   000408         2      7309                                                  C=O.CC=C.CN
        7   000409         1      7310                                                  C=O.CC=C.CO
        7   000410         7      7317                                                  C=O.CC=CC=C
        7   000411         7      7324                                                  C=O.CC=O.CN
        7   000412         2      7326                                                  C=O.CC=O.CO
        7   000413        30      7356                                                 C=O.CCC(=O)N
        7   000414         1      7357                                                  C=O.CCC(C)C
        7   000415        29      7386                                                   C=O.CCC.CN
        7   000416         9      7395                                                   C=O.CCC.CO
        7   000417        37      7432                                                   C=O.CCCC=O
        7   000418         2      7434                                                    C=O.CCCCN
        7   000419         8      7442                                                   C=O.CCN.CN
        7   000420         4      7446                                                   C=O.CCN.CO
        7   000421        74      7520                                                   C=O.CCNC=O
        7   000422         8      7528                                                   C=O.CCO.CN
        7   000423         2      7530                                                   C=O.CCO.CO
        7   000424         1      7531                                                   C=O.CNCC=O
        7   000425         1      7532                                               C=O.c1cnc[nH]1
        7   000426         1      7533                                                 CC(=C)N.CC=O
        7   000427         6      7539                                                 CC(=O)N.CC=C
        7   000428        57      7596                                                 CC(=O)N.CC=O
        7   000429        18      7614                                                  CC(=O)N.CCC
        7   000430        11      7625                                                  CC(=O)N.CCN
        7   000431         1      7626                                                  CC(=O)N.CCO
        7   000432        75      7701                                                  CC(=O)NCC=O
        7   000433        10      7711                                                   CC(=O)NCCO
        7   000434         3      7714                                                  CC(=O)O.CCC
        7   000435         3      7717                                                  CC(=O)O.CCN
        7   000436        73      7790                                                 CC(C(=O)NC)N
        7   000437         7      7797                                                 CC(C(C=O)N)O
        7   000438        11      7808                                                 CC(C)C(C=O)N
        7   000439         1      7809                                                  CC(C)C.CC=O
        7   000440         2      7811                                                   CC(C)C.CCC
        7   000441        11      7822                                                 CC(C)CC(=O)N
        7   000442         9      7831                                                   CC(C)CCC=O
        7   000443        11      7842                                                   CC(C)CNC=O
        7   000444         1      7843                                                   CC(C)O.CCC
        7   000445         1      7844                                                  CC(C=O)N.CO
        7   000446        69      7913                                                  CC(C=O)NC=O
        7   000447         7      7920                                                 CC(CC(=O)N)O
        7   000448         7      7927                                                   CC(CNC=O)O
        7   000449         5      7932                                                 CC.CC(=C)C=C
        7   000450         3      7935                                                  CC.CC(=O)NC
        7   000451         1      7936                                                  CC.CC(C=O)N
        7   000452        16      7952                                                   CC.CC.CC=C
        7   000453       149      8101                                                   CC.CC.CC=O
        7   000454        28      8129                                                    CC.CC.CCC
        7   000455         4      8133                                                    CC.CC.CCN
        7   000456         1      8134                                                    CC.CC.CCO
        7   000457         4      8138                                                    CC.CC.CSC
        7   000458         2      8140                                                   CC.CC=C.CN
        7   000459         2      8142                                                   CC.CC=C.CO
        7   000460         4      8146                                                   CC.CC=CC=C
        7   000461        48      8194                                                   CC.CC=O.CN
        7   000462        13      8207                                                   CC.CC=O.CO
        7   000463         1      8208                                                  CC.CCC(=O)N
        7   000464         2      8210                                                  CC.CCC(=O)O
        7   000465         2      8212                                                   CC.CCC(C)C
        7   000466         2      8214                                                    CC.CCC.CN
        7   000467         2      8216                                                    CC.CCC.CS
        7   000468         2      8218                                                    CC.CCCC=O
        7   000469         1      8219                                                     CC.CCCCC
        7   000470         4      8223                                                     CC.CCCCN
        7   000471         3      8226                                                    CC.CCNC=O
        7   000472         1      8227                                                   CC=C.CCC=O
        7   000473         5      8232                                                   CC=C.CNC=O
        7   000474         5      8237                                                   CC=O.CCC=O
        7   000475         2      8239                                                    CC=O.CCCC
        7   000476         7      8246                                                    CC=O.CCCN
        7   000477         3      8249                                                   CC=O.CN.CN
        7   000478         6      8255                                                   CC=O.CN.CO
        7   000479        54      8309                                                   CC=O.CNC=O
        7   000480         3      8312                                                   CC=O.CO.CO
        7   000481         3      8315                                                 CCC(=O)N(C)C
        7   000482        68      8383                                                   CCC(=O)NCC
        7   000483         1      8384                                                  CCC(=O)O.CN
        7   000484        62      8446                                                 CCC(C(=O)N)N
        7   000485         7      8453                                                   CCC(C)CC=O
        7   000486         7      8460                                                    CCC.CCC=O
        7   000487        12      8472                                                     CCC.CCCC
        7   000488         3      8475                                                     CCC.CCCN
        7   000489        18      8493                                                    CCC.CNC=O
        7   000490         2      8495                                                    CCC=CC=CO
        7   000491         8      8503                                                    CCC=O.CCN
        7   000492         2      8505                                                    CCC=O.CCO
        7   000493        69      8574                                                   CCCC(=O)NC
        7   000494        36      8610                                                   CCCC(C=O)N
        7   000495         1      8611                                                     CCCC.CCO
        7   000496        36      8647                                                   CCCCC(=O)N
        7   000497         7      8654                                                     CCCCCC=O
        7   000498         4      8658                                                     CCCCNC=N
        7   000499        36      8694                                                     CCCCNC=O
        7   000500         1      8695                                                     CCCN.CCO
        7   000501         4      8699                                                   CCCNC(=N)N
        7   000502        61      8760                                                   CCCNC(=O)C
        7   000503         1      8761                                                    CCN.CN.CO
        7   000504        15      8776                                                    CCN.CNC=O
        7   000505         1      8777                                                    CCN.CO.CO
        7   000506        72      8849                                                   CCNC(=O)CN
        7   000507         4      8853                                                    CCO.CNC=O
        7   000508         1      8854                                                 CCc1cnc[nH]1
        7   000509         3      8857                                                 CN(C)C(=O)CN
        7   000510         3      8860                                                  CN(CC=O)C=O
        7   000511        10      8870                                                   CNC(=O)CCO
        7   000512         4      8874                                                   CNCC(=O)NC
        7   000513         1      8875                                                     CSCCCC=O
        7   000514         3      8878                                                    Cc1ccccc1
        7   000515         1      8879                                                  c1ccc(cc1)O
